Línea 77: la clase TabDlg.SSTab del control SSTab1 no era una clase de control cargada.
Línea 659: la clase MSAdodcLib.Adodc del control Adodc1 no era una clase de control cargada.
Línea 748: la clase MSAdodcLib.Adodc del control Data1 no era una clase de control cargada.
Línea 795: la clase MSComctlLib.Toolbar del control Toolbar1 no era una clase de control cargada.
Línea 83: el nombre de la propiedad _ExtentX de SSTab1 no es válido.
Línea 84: el nombre de la propiedad _ExtentY de SSTab1 no es válido.
Línea 85: el nombre de la propiedad _Version de SSTab1 no es válido.
Línea 86: el nombre de la propiedad Tabs de SSTab1 no es válido.
Línea 87: el nombre de la propiedad Tab de SSTab1 no es válido.
Línea 88: el nombre de la propiedad TabsPerRow de SSTab1 no es válido.
Línea 89: el nombre de la propiedad TabHeight de SSTab1 no es válido.
Línea 90: el nombre de la propiedad TabCaption(0) de SSTab1 no es válido.
Línea 91: el nombre de la propiedad TabPicture(0) de SSTab1 no es válido.
Línea 92: el nombre de la propiedad Tab(0).ControlEnabled de SSTab1 no es válido.
Línea 93: el nombre de la propiedad Tab(0).Control(0) de SSTab1 no es válido.
Línea 94: el nombre de la propiedad Tab(0).Control(1) de SSTab1 no es válido.
Línea 95: el nombre de la propiedad Tab(0).Control(2) de SSTab1 no es válido.
Línea 96: el nombre de la propiedad Tab(0).ControlCount de SSTab1 no es válido.
Línea 97: el nombre de la propiedad TabCaption(1) de SSTab1 no es válido.
Línea 98: el nombre de la propiedad TabPicture(1) de SSTab1 no es válido.
Línea 99: el nombre de la propiedad Tab(1).ControlEnabled de SSTab1 no es válido.
Línea 100: el nombre de la propiedad Tab(1).Control(0) de SSTab1 no es válido.
Línea 101: el nombre de la propiedad Tab(1).Control(0).Enabled de SSTab1 no es válido.
Línea 102: el nombre de la propiedad Tab(1).Control(1) de SSTab1 no es válido.
Línea 103: el nombre de la propiedad Tab(1).Control(1).Enabled de SSTab1 no es válido.
Línea 104: el nombre de la propiedad Tab(1).Control(2) de SSTab1 no es válido.
Línea 105: el nombre de la propiedad Tab(1).Control(2).Enabled de SSTab1 no es válido.
Línea 106: el nombre de la propiedad Tab(1).Control(3) de SSTab1 no es válido.
Línea 107: el nombre de la propiedad Tab(1).Control(3).Enabled de SSTab1 no es válido.
Línea 108: el nombre de la propiedad Tab(1).Control(4) de SSTab1 no es válido.
Línea 109: el nombre de la propiedad Tab(1).Control(4).Enabled de SSTab1 no es válido.
Línea 110: el nombre de la propiedad Tab(1).ControlCount de SSTab1 no es válido.
Línea 665: el nombre de la propiedad _ExtentX de Adodc1 no es válido.
Línea 666: el nombre de la propiedad _ExtentY de Adodc1 no es válido.
Línea 667: el nombre de la propiedad ConnectMode de Adodc1 no es válido.
Línea 668: el nombre de la propiedad CursorLocation de Adodc1 no es válido.
Línea 669: el nombre de la propiedad IsolationLevel de Adodc1 no es válido.
Línea 670: el nombre de la propiedad ConnectionTimeout de Adodc1 no es válido.
Línea 671: el nombre de la propiedad CommandTimeout de Adodc1 no es válido.
Línea 672: el nombre de la propiedad CursorType de Adodc1 no es válido.
Línea 673: el nombre de la propiedad LockType de Adodc1 no es válido.
Línea 674: el nombre de la propiedad CommandType de Adodc1 no es válido.
Línea 675: el nombre de la propiedad CursorOptions de Adodc1 no es válido.
Línea 676: el nombre de la propiedad CacheSize de Adodc1 no es válido.
Línea 677: el nombre de la propiedad MaxRecords de Adodc1 no es válido.
Línea 678: el nombre de la propiedad BOFAction de Adodc1 no es válido.
Línea 679: el nombre de la propiedad EOFAction de Adodc1 no es válido.
Línea 680: el nombre de la propiedad ConnectStringType de Adodc1 no es válido.
Línea 684: el nombre de la propiedad Orientation de Adodc1 no es válido.
Línea 686: el nombre de la propiedad Connect de Adodc1 no es válido.
Línea 687: el nombre de la propiedad OLEDBString de Adodc1 no es válido.
Línea 688: el nombre de la propiedad OLEDBFile de Adodc1 no es válido.
Línea 689: el nombre de la propiedad DataSourceName de Adodc1 no es válido.
Línea 690: el nombre de la propiedad OtherAttributes de Adodc1 no es válido.
Línea 691: el nombre de la propiedad UserName de Adodc1 no es válido.
Línea 692: el nombre de la propiedad Password de Adodc1 no es válido.
Línea 693: el nombre de la propiedad RecordSource de Adodc1 no es válido.
Línea 694: el nombre de la propiedad Caption de Adodc1 no es válido.
Línea 704: el nombre de la propiedad _Version de Adodc1 no es válido.
Línea 754: el nombre de la propiedad _ExtentX de Data1 no es válido.
Línea 755: el nombre de la propiedad _ExtentY de Data1 no es válido.
Línea 756: el nombre de la propiedad ConnectMode de Data1 no es válido.
Línea 757: el nombre de la propiedad CursorLocation de Data1 no es válido.
Línea 758: el nombre de la propiedad IsolationLevel de Data1 no es válido.
Línea 759: el nombre de la propiedad ConnectionTimeout de Data1 no es válido.
Línea 760: el nombre de la propiedad CommandTimeout de Data1 no es válido.
Línea 761: el nombre de la propiedad CursorType de Data1 no es válido.
Línea 762: el nombre de la propiedad LockType de Data1 no es válido.
Línea 763: el nombre de la propiedad CommandType de Data1 no es válido.
Línea 764: el nombre de la propiedad CursorOptions de Data1 no es válido.
Línea 765: el nombre de la propiedad CacheSize de Data1 no es válido.
Línea 766: el nombre de la propiedad MaxRecords de Data1 no es válido.
Línea 767: el nombre de la propiedad BOFAction de Data1 no es válido.
Línea 768: el nombre de la propiedad EOFAction de Data1 no es válido.
Línea 769: el nombre de la propiedad ConnectStringType de Data1 no es válido.
Línea 773: el nombre de la propiedad Orientation de Data1 no es válido.
Línea 775: el nombre de la propiedad Connect de Data1 no es válido.
Línea 776: el nombre de la propiedad OLEDBString de Data1 no es válido.
Línea 777: el nombre de la propiedad OLEDBFile de Data1 no es válido.
Línea 778: el nombre de la propiedad DataSourceName de Data1 no es válido.
Línea 779: el nombre de la propiedad OtherAttributes de Data1 no es válido.
Línea 780: el nombre de la propiedad UserName de Data1 no es válido.
Línea 781: el nombre de la propiedad Password de Data1 no es válido.
Línea 782: el nombre de la propiedad RecordSource de Data1 no es válido.
Línea 783: el nombre de la propiedad Caption de Data1 no es válido.
Línea 793: el nombre de la propiedad _Version de Data1 no es válido.
Línea 802: el nombre de la propiedad _ExtentX de Toolbar1 no es válido.
Línea 803: el nombre de la propiedad _ExtentY de Toolbar1 no es válido.
Línea 804: el nombre de la propiedad ButtonWidth de Toolbar1 no es válido.
Línea 805: el nombre de la propiedad ButtonHeight de Toolbar1 no es válido.
Línea 807: el nombre de la propiedad _Version de Toolbar1 no es válido.
Línea 884: el nombre de la propiedad Buttons de Toolbar1 no es válido.
