Línea 85: la clase TabDlg.SSTab del control SSTab1 no era una clase de control cargada.
Línea 547: la clase MSComctlLib.Toolbar del control Toolbar1 no era una clase de control cargada.
Línea 646: la clase MSAdodcLib.Adodc del control Data1 no era una clase de control cargada.
Línea 91: el nombre de la propiedad _ExtentX de SSTab1 no es válido.
Línea 92: el nombre de la propiedad _ExtentY de SSTab1 no es válido.
Línea 93: el nombre de la propiedad _Version de SSTab1 no es válido.
Línea 94: el nombre de la propiedad Tabs de SSTab1 no es válido.
Línea 95: el nombre de la propiedad Tab de SSTab1 no es válido.
Línea 96: el nombre de la propiedad TabsPerRow de SSTab1 no es válido.
Línea 97: el nombre de la propiedad TabHeight de SSTab1 no es válido.
Línea 98: el nombre de la propiedad TabCaption(0) de SSTab1 no es válido.
Línea 99: el nombre de la propiedad TabPicture(0) de SSTab1 no es válido.
Línea 100: el nombre de la propiedad Tab(0).ControlEnabled de SSTab1 no es válido.
Línea 101: el nombre de la propiedad Tab(0).Control(0) de SSTab1 no es válido.
Línea 102: el nombre de la propiedad Tab(0).Control(1) de SSTab1 no es válido.
Línea 103: el nombre de la propiedad Tab(0).Control(2) de SSTab1 no es válido.
Línea 104: el nombre de la propiedad Tab(0).ControlCount de SSTab1 no es válido.
Línea 105: el nombre de la propiedad TabCaption(1) de SSTab1 no es válido.
Línea 106: el nombre de la propiedad TabPicture(1) de SSTab1 no es válido.
Línea 107: el nombre de la propiedad Tab(1).ControlEnabled de SSTab1 no es válido.
Línea 108: el nombre de la propiedad Tab(1).Control(0) de SSTab1 no es válido.
Línea 109: el nombre de la propiedad Tab(1).Control(0).Enabled de SSTab1 no es válido.
Línea 110: el nombre de la propiedad Tab(1).Control(1) de SSTab1 no es válido.
Línea 111: el nombre de la propiedad Tab(1).Control(1).Enabled de SSTab1 no es válido.
Línea 112: el nombre de la propiedad Tab(1).Control(2) de SSTab1 no es válido.
Línea 113: el nombre de la propiedad Tab(1).Control(2).Enabled de SSTab1 no es válido.
Línea 114: el nombre de la propiedad Tab(1).ControlCount de SSTab1 no es válido.
Línea 554: el nombre de la propiedad _ExtentX de Toolbar1 no es válido.
Línea 555: el nombre de la propiedad _ExtentY de Toolbar1 no es válido.
Línea 556: el nombre de la propiedad ButtonWidth de Toolbar1 no es válido.
Línea 557: el nombre de la propiedad ButtonHeight de Toolbar1 no es válido.
Línea 559: el nombre de la propiedad _Version de Toolbar1 no es válido.
Línea 636: el nombre de la propiedad Buttons de Toolbar1 no es válido.
Línea 652: el nombre de la propiedad _ExtentX de Data1 no es válido.
Línea 653: el nombre de la propiedad _ExtentY de Data1 no es válido.
Línea 654: el nombre de la propiedad ConnectMode de Data1 no es válido.
Línea 655: el nombre de la propiedad CursorLocation de Data1 no es válido.
Línea 656: el nombre de la propiedad IsolationLevel de Data1 no es válido.
Línea 657: el nombre de la propiedad ConnectionTimeout de Data1 no es válido.
Línea 658: el nombre de la propiedad CommandTimeout de Data1 no es válido.
Línea 659: el nombre de la propiedad CursorType de Data1 no es válido.
Línea 660: el nombre de la propiedad LockType de Data1 no es válido.
Línea 661: el nombre de la propiedad CommandType de Data1 no es válido.
Línea 662: el nombre de la propiedad CursorOptions de Data1 no es válido.
Línea 663: el nombre de la propiedad CacheSize de Data1 no es válido.
Línea 664: el nombre de la propiedad MaxRecords de Data1 no es válido.
Línea 665: el nombre de la propiedad BOFAction de Data1 no es válido.
Línea 666: el nombre de la propiedad EOFAction de Data1 no es válido.
Línea 667: el nombre de la propiedad ConnectStringType de Data1 no es válido.
Línea 671: el nombre de la propiedad Orientation de Data1 no es válido.
Línea 673: el nombre de la propiedad Connect de Data1 no es válido.
Línea 674: el nombre de la propiedad OLEDBString de Data1 no es válido.
Línea 675: el nombre de la propiedad OLEDBFile de Data1 no es válido.
Línea 676: el nombre de la propiedad DataSourceName de Data1 no es válido.
Línea 677: el nombre de la propiedad OtherAttributes de Data1 no es válido.
Línea 678: el nombre de la propiedad UserName de Data1 no es válido.
Línea 679: el nombre de la propiedad Password de Data1 no es válido.
Línea 680: el nombre de la propiedad RecordSource de Data1 no es válido.
Línea 681: el nombre de la propiedad Caption de Data1 no es válido.
Línea 691: el nombre de la propiedad _Version de Data1 no es válido.
